<?xml version="1.0" encoding="UTF-8"?>
<testsuite name="Cucumber" time="2,061.335" tests="61" skipped="0" failures="10" errors="0">
<testcase classname="Danışmanlık Bölümü" name="TC11" time="26.394">
<system-out><![CDATA[
Given kullanıcı members.rexven.com sayfasına gider..........................passed
Then gecerli mail adresi girer..............................................passed
And gecerli password girer..................................................passed
And Danısmanlik sekmesine tiklar............................................passed
Then 3 tane danismanlik paketinin oldugunu kontrol eder.....................passed
]]></system-out>
</testcase>
<testcase classname="Danışmanlık Bölümü" name="TC12" time="36.433">
<system-out><![CDATA[
Given kullanıcı members.rexven.com sayfasına gider..........................passed
Then gecerli mail adresi girer..............................................passed
And gecerli password girer..................................................passed
And Danısmanlik sekmesine tiklar............................................passed
And sayfayı asagi indirip Amazon paketindeki avantajlari görüntüleye tıklar.passed
And sayfayı asagi indirip Rexven Exclusive paketindeki avantajlari görüntüleye tıklar.passed
And sayfayı asagİ indirip ETSY paketindeki avantajlari görüntüleye tıklar...passed
]]></system-out>
</testcase>
<testcase classname="Danışmanlık Bölümü" name="TC13" time="83.331">
<system-out><![CDATA[
Given kullanıcı members.rexven.com sayfasına gider..........................passed
Then gecerli mail adresi girer..............................................passed
And gecerli password girer..................................................passed
And Danısmanlik sekmesine tiklar............................................passed
And sayfayı asagi indirip Amazon paketindeki iletisim kur sekmesine tıklar..passed
And yeni acilan sayfada gerekli bilgileri doldurur ileri der................passed
And pazaryeri olarak Amazonu isaretler ileri der............................passed
And bütce sekmesinde 0-1000$ isaretler ve formu gönder yazısını görür.......passed
And 5000-10000$ sekmesine tıklar ve acilan sayfada randevu al butonuna tıklar.passed
]]></system-out>
</testcase>
<testcase classname="Members Home Page" name="TC01" time="27.278">
<system-out><![CDATA[
Given kullanıcı members.rexven.com sayfasına gider..........................passed
Then gecerli mail adresi girer..............................................passed
And gecerli password girer..................................................passed
And dashboard sayfasını aşagı-yukarı kaydırır tüm sayfayı görür.............passed
And dashboard da bulunan profil butonuna tıklar.............................passed
When Ad Soyad bölümüne gerekli bilgileri girer..............................passed
Then Onayla der ve sayfayı kapatır..........................................passed
]]></system-out>
</testcase>
<testcase classname="Members Home Page" name="TC02" time="32.548">
<system-out><![CDATA[
Given kullanıcı members.rexven.com sayfasına gider..........................passed
Then gecerli mail adresi girer..............................................passed
And gecerli password girer..................................................passed
And dashboard sayfasını aşagı-yukarı kaydırır tüm sayfayı görür.............passed
And dashboard da bulunan entegrasyon butonuna tıklar........................passed
And sayfayı aşagı kaydırır entegrasyon videosunun çalıştığını teyit eder....passed
]]></system-out>
</testcase>
<testcase classname="Members Home Page" name="TC03" time="43.672">
<system-out><![CDATA[
Given kullanıcı members.rexven.com sayfasına gider..........................passed
Then gecerli mail adresi girer..............................................passed
And gecerli password girer..................................................passed
And dashboard sayfasını aşagı-yukarı kaydırır tüm sayfayı görür.............passed
And dashboard da bulunan paket bilgisi butonuna tıklar......................passed
And fatura bilgileri sekmesine tıklar.......................................passed
Then buradaki bilgileri doldurur ve onayla sekmesine tıklar.................passed
And sayfayı küçülterek ekran kaydı alır.....................................passed
]]></system-out>
</testcase>
<testcase classname="Members Home Page" name="TC04" time="23.638">
<system-out><![CDATA[
Given kullanıcı members.rexven.com sayfasına gider..........................passed
Then gecerli mail adresi girer..............................................passed
And gecerli password girer..................................................passed
And dashboard da bulunan discord sekmesine tıklar...........................passed
And yeni açılan pencereye gider ve  hayır,teşekkürler sekmesine tıklar......passed
And sayfayı kapatır.........................................................passed
]]></system-out>
</testcase>
<testcase classname="Members Home Page" name="TC05" time="42.456">
<system-out><![CDATA[
Given kullanıcı members.rexven.com sayfasına gider..........................passed
Then gecerli mail adresi girer..............................................passed
And gecerli password girer..................................................passed
And dashboard da bulunan indirimleri keşfet sekmesine tıklar................passed
And sayfayı aşagı kaydırır ve tüm hizmet saglayıcıları görür................passed
Then indirim al butonuna tıklar ve tamam sekmesine tıklar...................passed
]]></system-out>
</testcase>
<testcase classname="Ekitaplar Page" name="TC48" time="10.59">
<failure type="org.openqa.selenium.NoSuchElementException" message="no such element: Unable to locate element: {&quot;method&quot;:&quot;xpath&quot;,&quot;selector&quot;:&quot;//a[.='E-Kitaplar']&quot;}
  (Session info: chrome=113.0.5672.93)
For documentation on this error, please visit: https://selenium.dev/exceptions/#no_such_element
Build info: version: '4.8.3', revision: 'e5e76298c3'
System info: os.name: 'Windows 11', os.arch: 'amd64', os.version: '10.0', java.version: '11.0.15'
Driver info: org.openqa.selenium.chrome.ChromeDriver
Command: [8cdd3f0d1cd8fa3a3e889e6ea09558b0, findElement {using=xpath, value=//a[.='E-Kitaplar']}]
Capabilities {acceptInsecureCerts: false, browserName: chrome, browserVersion: 113.0.5672.93, chrome: {chromedriverVersion: 113.0.5672.63 (0e1a4471d5ae..., userDataDir: C:\Users\ERTURU~1\AppData\L...}, goog:chromeOptions: {debuggerAddress: localhost:51807}, networkConnectionEnabled: false, pageLoadStrategy: normal, platformName: WINDOWS, proxy: Proxy(), se:cdp: ws://localhost:51807/devtoo..., se:cdpVersion: 113.0.5672.93, setWindowRect: true, strictFileInteractability: false, timeouts: {implicit: 0, pageLoad: 300000, script: 30000}, unhandledPromptBehavior: dismiss and notify, webauthn:extension:credBlob: true, webauthn:extension:largeBlob: true, webauthn:extension:minPinLength: true, webauthn:extension:prf: true, webauthn:virtualAuthenticators: true}
Session ID: 8cdd3f0d1cd8fa3a3e889e6ea09558b0">
<![CDATA[org.openqa.selenium.NoSuchElementException: no such element: Unable to locate element: {"method":"xpath","selector":"//a[.='E-Kitaplar']"}
  (Session info: chrome=113.0.5672.93)
For documentation on this error, please visit: https://selenium.dev/exceptions/#no_such_element
Build info: version: '4.8.3', revision: 'e5e76298c3'
System info: os.name: 'Windows 11', os.arch: 'amd64', os.version: '10.0', java.version: '11.0.15'
Driver info: org.openqa.selenium.chrome.ChromeDriver
Command: [8cdd3f0d1cd8fa3a3e889e6ea09558b0, findElement {using=xpath, value=//a[.='E-Kitaplar']}]
Capabilities {acceptInsecureCerts: false, browserName: chrome, browserVersion: 113.0.5672.93, chrome: {chromedriverVersion: 113.0.5672.63 (0e1a4471d5ae..., userDataDir: C:\Users\ERTURU~1\AppData\L...}, goog:chromeOptions: {debuggerAddress: localhost:51807}, networkConnectionEnabled: false, pageLoadStrategy: normal, platformName: WINDOWS, proxy: Proxy(), se:cdp: ws://localhost:51807/devtoo..., se:cdpVersion: 113.0.5672.93, setWindowRect: true, strictFileInteractability: false, timeouts: {implicit: 0, pageLoad: 300000, script: 30000}, unhandledPromptBehavior: dismiss and notify, webauthn:extension:credBlob: true, webauthn:extension:largeBlob: true, webauthn:extension:minPinLength: true, webauthn:extension:prf: true, webauthn:virtualAuthenticators: true}
Session ID: 8cdd3f0d1cd8fa3a3e889e6ea09558b0
	at java.base/jdk.internal.reflect.NativeConstructorAccessorImpl.newInstance0(Native Method)
	at java.base/jdk.internal.reflect.NativeConstructorAccessorImpl.newInstance(NativeConstructorAccessorImpl.java:62)
	at java.base/jdk.internal.reflect.DelegatingConstructorAccessorImpl.newInstance(DelegatingConstructorAccessorImpl.java:45)
	at java.base/java.lang.reflect.Constructor.newInstance(Constructor.java:490)
	at org.openqa.selenium.remote.codec.w3c.W3CHttpResponseCodec.createException(W3CHttpResponseCodec.java:200)
	at org.openqa.selenium.remote.codec.w3c.W3CHttpResponseCodec.decode(W3CHttpResponseCodec.java:133)
	at org.openqa.selenium.remote.codec.w3c.W3CHttpResponseCodec.decode(W3CHttpResponseCodec.java:53)
	at org.openqa.selenium.remote.HttpCommandExecutor.execute(HttpCommandExecutor.java:193)
	at org.openqa.selenium.remote.service.DriverCommandExecutor.invokeExecute(DriverCommandExecutor.java:183)
	at org.openqa.selenium.remote.service.DriverCommandExecutor.execute(DriverCommandExecutor.java:158)
	at org.openqa.selenium.remote.RemoteWebDriver.execute(RemoteWebDriver.java:543)
	at org.openqa.selenium.remote.ElementLocation$ElementFinder$2.findElement(ElementLocation.java:162)
	at org.openqa.selenium.remote.ElementLocation.findElement(ElementLocation.java:60)
	at org.openqa.selenium.remote.RemoteWebDriver.findElement(RemoteWebDriver.java:352)
	at org.openqa.selenium.remote.RemoteWebDriver.findElement(RemoteWebDriver.java:344)
	at org.openqa.selenium.support.pagefactory.DefaultElementLocator.findElement(DefaultElementLocator.java:70)
	at org.openqa.selenium.support.pagefactory.internal.LocatingElementHandler.invoke(LocatingElementHandler.java:39)
	at com.sun.proxy.$Proxy24.click(Unknown Source)
	at stepdefinitions.EKitaplar_StepDefinitions.e_kitaplar_sekmesine_tiklar(EKitaplar_StepDefinitions.java:26)
	at ✽.E-Kitaplar sekmesine tiklar(file:///C:/Users/Ertuğrul/IdeaProjects/Members_Panel/src/test/resources/features/EKitaplar.feature:11)
]]>
</failure>
<system-out><![CDATA[
Given kullanıcı members.rexven.com sayfasına gider..........................passed
Then gecerli mail adresi girer..............................................passed
And gecerli password girer..................................................passed
Given E-Kitaplar sekmesine tiklar...........................................failed
Then 4 adet E-Kitap oldugunu teyit eder ve isimlerini yazdirir..............skipped
]]></system-out>
</testcase>
<testcase classname="Ekitaplar Page" name="TC49" time="9.664">
<failure type="org.openqa.selenium.NoSuchElementException" message="no such element: Unable to locate element: {&quot;method&quot;:&quot;xpath&quot;,&quot;selector&quot;:&quot;//a[.='E-Kitaplar']&quot;}
  (Session info: chrome=113.0.5672.93)
For documentation on this error, please visit: https://selenium.dev/exceptions/#no_such_element
Build info: version: '4.8.3', revision: 'e5e76298c3'
System info: os.name: 'Windows 11', os.arch: 'amd64', os.version: '10.0', java.version: '11.0.15'
Driver info: org.openqa.selenium.chrome.ChromeDriver
Command: [6487734c25d0619b1be653e814cd81b1, findElement {using=xpath, value=//a[.='E-Kitaplar']}]
Capabilities {acceptInsecureCerts: false, browserName: chrome, browserVersion: 113.0.5672.93, chrome: {chromedriverVersion: 113.0.5672.63 (0e1a4471d5ae..., userDataDir: C:\Users\ERTURU~1\AppData\L...}, goog:chromeOptions: {debuggerAddress: localhost:51854}, networkConnectionEnabled: false, pageLoadStrategy: normal, platformName: WINDOWS, proxy: Proxy(), se:cdp: ws://localhost:51854/devtoo..., se:cdpVersion: 113.0.5672.93, setWindowRect: true, strictFileInteractability: false, timeouts: {implicit: 0, pageLoad: 300000, script: 30000}, unhandledPromptBehavior: dismiss and notify, webauthn:extension:credBlob: true, webauthn:extension:largeBlob: true, webauthn:extension:minPinLength: true, webauthn:extension:prf: true, webauthn:virtualAuthenticators: true}
Session ID: 6487734c25d0619b1be653e814cd81b1">
<![CDATA[org.openqa.selenium.NoSuchElementException: no such element: Unable to locate element: {"method":"xpath","selector":"//a[.='E-Kitaplar']"}
  (Session info: chrome=113.0.5672.93)
For documentation on this error, please visit: https://selenium.dev/exceptions/#no_such_element
Build info: version: '4.8.3', revision: 'e5e76298c3'
System info: os.name: 'Windows 11', os.arch: 'amd64', os.version: '10.0', java.version: '11.0.15'
Driver info: org.openqa.selenium.chrome.ChromeDriver
Command: [6487734c25d0619b1be653e814cd81b1, findElement {using=xpath, value=//a[.='E-Kitaplar']}]
Capabilities {acceptInsecureCerts: false, browserName: chrome, browserVersion: 113.0.5672.93, chrome: {chromedriverVersion: 113.0.5672.63 (0e1a4471d5ae..., userDataDir: C:\Users\ERTURU~1\AppData\L...}, goog:chromeOptions: {debuggerAddress: localhost:51854}, networkConnectionEnabled: false, pageLoadStrategy: normal, platformName: WINDOWS, proxy: Proxy(), se:cdp: ws://localhost:51854/devtoo..., se:cdpVersion: 113.0.5672.93, setWindowRect: true, strictFileInteractability: false, timeouts: {implicit: 0, pageLoad: 300000, script: 30000}, unhandledPromptBehavior: dismiss and notify, webauthn:extension:credBlob: true, webauthn:extension:largeBlob: true, webauthn:extension:minPinLength: true, webauthn:extension:prf: true, webauthn:virtualAuthenticators: true}
Session ID: 6487734c25d0619b1be653e814cd81b1
	at java.base/jdk.internal.reflect.NativeConstructorAccessorImpl.newInstance0(Native Method)
	at java.base/jdk.internal.reflect.NativeConstructorAccessorImpl.newInstance(NativeConstructorAccessorImpl.java:62)
	at java.base/jdk.internal.reflect.DelegatingConstructorAccessorImpl.newInstance(DelegatingConstructorAccessorImpl.java:45)
	at java.base/java.lang.reflect.Constructor.newInstance(Constructor.java:490)
	at org.openqa.selenium.remote.codec.w3c.W3CHttpResponseCodec.createException(W3CHttpResponseCodec.java:200)
	at org.openqa.selenium.remote.codec.w3c.W3CHttpResponseCodec.decode(W3CHttpResponseCodec.java:133)
	at org.openqa.selenium.remote.codec.w3c.W3CHttpResponseCodec.decode(W3CHttpResponseCodec.java:53)
	at org.openqa.selenium.remote.HttpCommandExecutor.execute(HttpCommandExecutor.java:193)
	at org.openqa.selenium.remote.service.DriverCommandExecutor.invokeExecute(DriverCommandExecutor.java:183)
	at org.openqa.selenium.remote.service.DriverCommandExecutor.execute(DriverCommandExecutor.java:158)
	at org.openqa.selenium.remote.RemoteWebDriver.execute(RemoteWebDriver.java:543)
	at org.openqa.selenium.remote.ElementLocation$ElementFinder$2.findElement(ElementLocation.java:162)
	at org.openqa.selenium.remote.ElementLocation.findElement(ElementLocation.java:60)
	at org.openqa.selenium.remote.RemoteWebDriver.findElement(RemoteWebDriver.java:352)
	at org.openqa.selenium.remote.RemoteWebDriver.findElement(RemoteWebDriver.java:344)
	at org.openqa.selenium.support.pagefactory.DefaultElementLocator.findElement(DefaultElementLocator.java:70)
	at org.openqa.selenium.support.pagefactory.internal.LocatingElementHandler.invoke(LocatingElementHandler.java:39)
	at com.sun.proxy.$Proxy24.click(Unknown Source)
	at stepdefinitions.EKitaplar_StepDefinitions.e_kitaplar_sekmesine_tiklar(EKitaplar_StepDefinitions.java:26)
	at ✽.E-Kitaplar sekmesine tiklar(file:///C:/Users/Ertuğrul/IdeaProjects/Members_Panel/src/test/resources/features/EKitaplar.feature:20)
]]>
</failure>
<system-out><![CDATA[
Given kullanıcı members.rexven.com sayfasına gider..........................passed
Then gecerli mail adresi girer..............................................passed
And gecerli password girer..................................................passed
Given E-Kitaplar sekmesine tiklar...........................................failed
And Amazonda Yol Haritasi Ekitabina tiklar ve indirir.......................skipped
And İndirilen Kitabı acip dogru indigini teyit eder.........................skipped
]]></system-out>
</testcase>
<testcase classname="Ekitaplar Page" name="TC50" time="10.888">
<failure type="org.openqa.selenium.NoSuchElementException" message="no such element: Unable to locate element: {&quot;method&quot;:&quot;xpath&quot;,&quot;selector&quot;:&quot;//a[.='E-Kitaplar']&quot;}
  (Session info: chrome=113.0.5672.93)
For documentation on this error, please visit: https://selenium.dev/exceptions/#no_such_element
Build info: version: '4.8.3', revision: 'e5e76298c3'
System info: os.name: 'Windows 11', os.arch: 'amd64', os.version: '10.0', java.version: '11.0.15'
Driver info: org.openqa.selenium.chrome.ChromeDriver
Command: [6006614a56935a0abfd5749787b124a5, findElement {using=xpath, value=//a[.='E-Kitaplar']}]
Capabilities {acceptInsecureCerts: false, browserName: chrome, browserVersion: 113.0.5672.93, chrome: {chromedriverVersion: 113.0.5672.63 (0e1a4471d5ae..., userDataDir: C:\Users\ERTURU~1\AppData\L...}, goog:chromeOptions: {debuggerAddress: localhost:51901}, networkConnectionEnabled: false, pageLoadStrategy: normal, platformName: WINDOWS, proxy: Proxy(), se:cdp: ws://localhost:51901/devtoo..., se:cdpVersion: 113.0.5672.93, setWindowRect: true, strictFileInteractability: false, timeouts: {implicit: 0, pageLoad: 300000, script: 30000}, unhandledPromptBehavior: dismiss and notify, webauthn:extension:credBlob: true, webauthn:extension:largeBlob: true, webauthn:extension:minPinLength: true, webauthn:extension:prf: true, webauthn:virtualAuthenticators: true}
Session ID: 6006614a56935a0abfd5749787b124a5">
<![CDATA[org.openqa.selenium.NoSuchElementException: no such element: Unable to locate element: {"method":"xpath","selector":"//a[.='E-Kitaplar']"}
  (Session info: chrome=113.0.5672.93)
For documentation on this error, please visit: https://selenium.dev/exceptions/#no_such_element
Build info: version: '4.8.3', revision: 'e5e76298c3'
System info: os.name: 'Windows 11', os.arch: 'amd64', os.version: '10.0', java.version: '11.0.15'
Driver info: org.openqa.selenium.chrome.ChromeDriver
Command: [6006614a56935a0abfd5749787b124a5, findElement {using=xpath, value=//a[.='E-Kitaplar']}]
Capabilities {acceptInsecureCerts: false, browserName: chrome, browserVersion: 113.0.5672.93, chrome: {chromedriverVersion: 113.0.5672.63 (0e1a4471d5ae..., userDataDir: C:\Users\ERTURU~1\AppData\L...}, goog:chromeOptions: {debuggerAddress: localhost:51901}, networkConnectionEnabled: false, pageLoadStrategy: normal, platformName: WINDOWS, proxy: Proxy(), se:cdp: ws://localhost:51901/devtoo..., se:cdpVersion: 113.0.5672.93, setWindowRect: true, strictFileInteractability: false, timeouts: {implicit: 0, pageLoad: 300000, script: 30000}, unhandledPromptBehavior: dismiss and notify, webauthn:extension:credBlob: true, webauthn:extension:largeBlob: true, webauthn:extension:minPinLength: true, webauthn:extension:prf: true, webauthn:virtualAuthenticators: true}
Session ID: 6006614a56935a0abfd5749787b124a5
	at java.base/jdk.internal.reflect.NativeConstructorAccessorImpl.newInstance0(Native Method)
	at java.base/jdk.internal.reflect.NativeConstructorAccessorImpl.newInstance(NativeConstructorAccessorImpl.java:62)
	at java.base/jdk.internal.reflect.DelegatingConstructorAccessorImpl.newInstance(DelegatingConstructorAccessorImpl.java:45)
	at java.base/java.lang.reflect.Constructor.newInstance(Constructor.java:490)
	at org.openqa.selenium.remote.codec.w3c.W3CHttpResponseCodec.createException(W3CHttpResponseCodec.java:200)
	at org.openqa.selenium.remote.codec.w3c.W3CHttpResponseCodec.decode(W3CHttpResponseCodec.java:133)
	at org.openqa.selenium.remote.codec.w3c.W3CHttpResponseCodec.decode(W3CHttpResponseCodec.java:53)
	at org.openqa.selenium.remote.HttpCommandExecutor.execute(HttpCommandExecutor.java:193)
	at org.openqa.selenium.remote.service.DriverCommandExecutor.invokeExecute(DriverCommandExecutor.java:183)
	at org.openqa.selenium.remote.service.DriverCommandExecutor.execute(DriverCommandExecutor.java:158)
	at org.openqa.selenium.remote.RemoteWebDriver.execute(RemoteWebDriver.java:543)
	at org.openqa.selenium.remote.ElementLocation$ElementFinder$2.findElement(ElementLocation.java:162)
	at org.openqa.selenium.remote.ElementLocation.findElement(ElementLocation.java:60)
	at org.openqa.selenium.remote.RemoteWebDriver.findElement(RemoteWebDriver.java:352)
	at org.openqa.selenium.remote.RemoteWebDriver.findElement(RemoteWebDriver.java:344)
	at org.openqa.selenium.support.pagefactory.DefaultElementLocator.findElement(DefaultElementLocator.java:70)
	at org.openqa.selenium.support.pagefactory.internal.LocatingElementHandler.invoke(LocatingElementHandler.java:39)
	at com.sun.proxy.$Proxy24.click(Unknown Source)
	at stepdefinitions.EKitaplar_StepDefinitions.e_kitaplar_sekmesine_tiklar(EKitaplar_StepDefinitions.java:26)
	at ✽.E-Kitaplar sekmesine tiklar(file:///C:/Users/Ertuğrul/IdeaProjects/Members_Panel/src/test/resources/features/EKitaplar.feature:29)
]]>
</failure>
<system-out><![CDATA[
Given kullanıcı members.rexven.com sayfasına gider..........................passed
Then gecerli mail adresi girer..............................................passed
And gecerli password girer..................................................passed
Given E-Kitaplar sekmesine tiklar...........................................failed
And Amazon Egitimi Ekitabina tiklar ve indirir..............................skipped
And İndirilen Kitabı acıp dogru indigini teyit eder.........................skipped
]]></system-out>
</testcase>
<testcase classname="Ekitaplar Page" name="TC51" time="15.021">
<system-out><![CDATA[
Given kullanıcı members.rexven.com sayfasına gider..........................passed
Then gecerli mail adresi girer..............................................passed
And gecerli password girer..................................................passed
Given E-Kitaplar sekmesine tiklar...........................................passed
And A dan Z ye Trendyol Egitimine tiklar ve indirir.........................passed
And İndirilen Kitabi acip dogru indigini teyit eder.........................passed
]]></system-out>
</testcase>
<testcase classname="Ekitaplar Page" name="TC52" time="23.321">
<system-out><![CDATA[
Given kullanıcı members.rexven.com sayfasına gider..........................passed
Then gecerli mail adresi girer..............................................passed
And gecerli password girer..................................................passed
Given E-Kitaplar sekmesine tiklar...........................................passed
And Sayfayi asagi indirip Etsy Kurallar Rehberi Egitimine tiklar ve indirir.passed
And İndirilen EKitabi acip dogru indigini teyit eder........................passed
]]></system-out>
</testcase>
<testcase classname="Egitimler Page" name="TC37" time="23.017">
<system-out><![CDATA[
Given kullanıcı members.rexven.com sayfasına gider..........................passed
Then gecerli mail adresi girer..............................................passed
And gecerli password girer..................................................passed
Then Egitimler sekmesine tiklar.............................................passed
When sayfayi asagi indirir 10 adet egitim oldugunu teyit eder konsola yazdidir.passed
]]></system-out>
</testcase>
<testcase classname="Egitimler Page" name="TC38" time="42.704">
<system-out><![CDATA[
Given kullanıcı members.rexven.com sayfasına gider..........................passed
Then gecerli mail adresi girer..............................................passed
And gecerli password girer..................................................passed
Then Egitimler sekmesine tiklar.............................................passed
When amazon baslangic egitimine tiklar......................................passed
And Video iceriginde bulunan diger egitimlerin calistigini teyit eder.......passed
]]></system-out>
</testcase>
<testcase classname="Egitimler Page" name="TC39" time="15.007">
<failure type="org.openqa.selenium.NoSuchElementException" message="no such element: Unable to locate element: {&quot;method&quot;:&quot;css selector&quot;,&quot;selector&quot;:&quot;#email&quot;}
  (Session info: chrome=113.0.5672.93)
For documentation on this error, please visit: https://selenium.dev/exceptions/#no_such_element
Build info: version: '4.8.3', revision: 'e5e76298c3'
System info: os.name: 'Windows 11', os.arch: 'amd64', os.version: '10.0', java.version: '11.0.15'
Driver info: org.openqa.selenium.chrome.ChromeDriver
Command: [99d7c564b5ad03bc57d438ede7c1713a, findElement {using=id, value=email}]
Capabilities {acceptInsecureCerts: false, browserName: chrome, browserVersion: 113.0.5672.93, chrome: {chromedriverVersion: 113.0.5672.63 (0e1a4471d5ae..., userDataDir: C:\Users\ERTURU~1\AppData\L...}, goog:chromeOptions: {debuggerAddress: localhost:52252}, networkConnectionEnabled: false, pageLoadStrategy: normal, platformName: WINDOWS, proxy: Proxy(), se:cdp: ws://localhost:52252/devtoo..., se:cdpVersion: 113.0.5672.93, setWindowRect: true, strictFileInteractability: false, timeouts: {implicit: 0, pageLoad: 300000, script: 30000}, unhandledPromptBehavior: dismiss and notify, webauthn:extension:credBlob: true, webauthn:extension:largeBlob: true, webauthn:extension:minPinLength: true, webauthn:extension:prf: true, webauthn:virtualAuthenticators: true}
Session ID: 99d7c564b5ad03bc57d438ede7c1713a">
<![CDATA[org.openqa.selenium.NoSuchElementException: no such element: Unable to locate element: {"method":"css selector","selector":"#email"}
  (Session info: chrome=113.0.5672.93)
For documentation on this error, please visit: https://selenium.dev/exceptions/#no_such_element
Build info: version: '4.8.3', revision: 'e5e76298c3'
System info: os.name: 'Windows 11', os.arch: 'amd64', os.version: '10.0', java.version: '11.0.15'
Driver info: org.openqa.selenium.chrome.ChromeDriver
Command: [99d7c564b5ad03bc57d438ede7c1713a, findElement {using=id, value=email}]
Capabilities {acceptInsecureCerts: false, browserName: chrome, browserVersion: 113.0.5672.93, chrome: {chromedriverVersion: 113.0.5672.63 (0e1a4471d5ae..., userDataDir: C:\Users\ERTURU~1\AppData\L...}, goog:chromeOptions: {debuggerAddress: localhost:52252}, networkConnectionEnabled: false, pageLoadStrategy: normal, platformName: WINDOWS, proxy: Proxy(), se:cdp: ws://localhost:52252/devtoo..., se:cdpVersion: 113.0.5672.93, setWindowRect: true, strictFileInteractability: false, timeouts: {implicit: 0, pageLoad: 300000, script: 30000}, unhandledPromptBehavior: dismiss and notify, webauthn:extension:credBlob: true, webauthn:extension:largeBlob: true, webauthn:extension:minPinLength: true, webauthn:extension:prf: true, webauthn:virtualAuthenticators: true}
Session ID: 99d7c564b5ad03bc57d438ede7c1713a
	at java.base/jdk.internal.reflect.NativeConstructorAccessorImpl.newInstance0(Native Method)
	at java.base/jdk.internal.reflect.NativeConstructorAccessorImpl.newInstance(NativeConstructorAccessorImpl.java:62)
	at java.base/jdk.internal.reflect.DelegatingConstructorAccessorImpl.newInstance(DelegatingConstructorAccessorImpl.java:45)
	at java.base/java.lang.reflect.Constructor.newInstance(Constructor.java:490)
	at org.openqa.selenium.remote.codec.w3c.W3CHttpResponseCodec.createException(W3CHttpResponseCodec.java:200)
	at org.openqa.selenium.remote.codec.w3c.W3CHttpResponseCodec.decode(W3CHttpResponseCodec.java:133)
	at org.openqa.selenium.remote.codec.w3c.W3CHttpResponseCodec.decode(W3CHttpResponseCodec.java:53)
	at org.openqa.selenium.remote.HttpCommandExecutor.execute(HttpCommandExecutor.java:193)
	at org.openqa.selenium.remote.service.DriverCommandExecutor.invokeExecute(DriverCommandExecutor.java:183)
	at org.openqa.selenium.remote.service.DriverCommandExecutor.execute(DriverCommandExecutor.java:158)
	at org.openqa.selenium.remote.RemoteWebDriver.execute(RemoteWebDriver.java:543)
	at org.openqa.selenium.remote.ElementLocation$ElementFinder$2.findElement(ElementLocation.java:162)
	at org.openqa.selenium.remote.ElementLocation.findElement(ElementLocation.java:66)
	at org.openqa.selenium.remote.RemoteWebDriver.findElement(RemoteWebDriver.java:352)
	at org.openqa.selenium.remote.RemoteWebDriver.findElement(RemoteWebDriver.java:344)
	at org.openqa.selenium.support.pagefactory.DefaultElementLocator.findElement(DefaultElementLocator.java:70)
	at org.openqa.selenium.support.pagefactory.internal.LocatingElementHandler.invoke(LocatingElementHandler.java:39)
	at com.sun.proxy.$Proxy24.sendKeys(Unknown Source)
	at stepdefinitions.DashboardStepDefinitions.geçerli_mail_adresi_girer(DashboardStepDefinitions.java:36)
	at ✽.gecerli mail adresi girer(file:///C:/Users/Ertuğrul/IdeaProjects/Members_Panel/src/test/resources/features/Egitimler.feature:26)
]]>
</failure>
<system-out><![CDATA[
Given kullanıcı members.rexven.com sayfasına gider..........................passed
Then gecerli mail adresi girer..............................................failed
And gecerli password girer..................................................skipped
Then Egitimler sekmesine tiklar.............................................skipped
When Etsy baslangic egitimine tiklar........................................skipped
And Video iceriginde bulunan diger egitimlerin dogru calistigini teyit eder.skipped
]]></system-out>
</testcase>
<testcase classname="Egitimler Page" name="TC40" time="10.046">
<failure type="org.openqa.selenium.NoSuchElementException" message="no such element: Unable to locate element: {&quot;method&quot;:&quot;xpath&quot;,&quot;selector&quot;:&quot;//a[.='Eğitimler']&quot;}
  (Session info: chrome=113.0.5672.93)
For documentation on this error, please visit: https://selenium.dev/exceptions/#no_such_element
Build info: version: '4.8.3', revision: 'e5e76298c3'
System info: os.name: 'Windows 11', os.arch: 'amd64', os.version: '10.0', java.version: '11.0.15'
Driver info: org.openqa.selenium.chrome.ChromeDriver
Command: [4a75d314f0c7596ae622575aac7ccec7, findElement {using=xpath, value=//a[.='Eğitimler']}]
Capabilities {acceptInsecureCerts: false, browserName: chrome, browserVersion: 113.0.5672.93, chrome: {chromedriverVersion: 113.0.5672.63 (0e1a4471d5ae..., userDataDir: C:\Users\ERTURU~1\AppData\L...}, goog:chromeOptions: {debuggerAddress: localhost:52300}, networkConnectionEnabled: false, pageLoadStrategy: normal, platformName: WINDOWS, proxy: Proxy(), se:cdp: ws://localhost:52300/devtoo..., se:cdpVersion: 113.0.5672.93, setWindowRect: true, strictFileInteractability: false, timeouts: {implicit: 0, pageLoad: 300000, script: 30000}, unhandledPromptBehavior: dismiss and notify, webauthn:extension:credBlob: true, webauthn:extension:largeBlob: true, webauthn:extension:minPinLength: true, webauthn:extension:prf: true, webauthn:virtualAuthenticators: true}
Session ID: 4a75d314f0c7596ae622575aac7ccec7">
<![CDATA[org.openqa.selenium.NoSuchElementException: no such element: Unable to locate element: {"method":"xpath","selector":"//a[.='Eğitimler']"}
  (Session info: chrome=113.0.5672.93)
For documentation on this error, please visit: https://selenium.dev/exceptions/#no_such_element
Build info: version: '4.8.3', revision: 'e5e76298c3'
System info: os.name: 'Windows 11', os.arch: 'amd64', os.version: '10.0', java.version: '11.0.15'
Driver info: org.openqa.selenium.chrome.ChromeDriver
Command: [4a75d314f0c7596ae622575aac7ccec7, findElement {using=xpath, value=//a[.='Eğitimler']}]
Capabilities {acceptInsecureCerts: false, browserName: chrome, browserVersion: 113.0.5672.93, chrome: {chromedriverVersion: 113.0.5672.63 (0e1a4471d5ae..., userDataDir: C:\Users\ERTURU~1\AppData\L...}, goog:chromeOptions: {debuggerAddress: localhost:52300}, networkConnectionEnabled: false, pageLoadStrategy: normal, platformName: WINDOWS, proxy: Proxy(), se:cdp: ws://localhost:52300/devtoo..., se:cdpVersion: 113.0.5672.93, setWindowRect: true, strictFileInteractability: false, timeouts: {implicit: 0, pageLoad: 300000, script: 30000}, unhandledPromptBehavior: dismiss and notify, webauthn:extension:credBlob: true, webauthn:extension:largeBlob: true, webauthn:extension:minPinLength: true, webauthn:extension:prf: true, webauthn:virtualAuthenticators: true}
Session ID: 4a75d314f0c7596ae622575aac7ccec7
	at java.base/jdk.internal.reflect.NativeConstructorAccessorImpl.newInstance0(Native Method)
	at java.base/jdk.internal.reflect.NativeConstructorAccessorImpl.newInstance(NativeConstructorAccessorImpl.java:62)
	at java.base/jdk.internal.reflect.DelegatingConstructorAccessorImpl.newInstance(DelegatingConstructorAccessorImpl.java:45)
	at java.base/java.lang.reflect.Constructor.newInstance(Constructor.java:490)
	at org.openqa.selenium.remote.codec.w3c.W3CHttpResponseCodec.createException(W3CHttpResponseCodec.java:200)
	at org.openqa.selenium.remote.codec.w3c.W3CHttpResponseCodec.decode(W3CHttpResponseCodec.java:133)
	at org.openqa.selenium.remote.codec.w3c.W3CHttpResponseCodec.decode(W3CHttpResponseCodec.java:53)
	at org.openqa.selenium.remote.HttpCommandExecutor.execute(HttpCommandExecutor.java:193)
	at org.openqa.selenium.remote.service.DriverCommandExecutor.invokeExecute(DriverCommandExecutor.java:183)
	at org.openqa.selenium.remote.service.DriverCommandExecutor.execute(DriverCommandExecutor.java:158)
	at org.openqa.selenium.remote.RemoteWebDriver.execute(RemoteWebDriver.java:543)
	at org.openqa.selenium.remote.ElementLocation$ElementFinder$2.findElement(ElementLocation.java:162)
	at org.openqa.selenium.remote.ElementLocation.findElement(ElementLocation.java:60)
	at org.openqa.selenium.remote.RemoteWebDriver.findElement(RemoteWebDriver.java:352)
	at org.openqa.selenium.remote.RemoteWebDriver.findElement(RemoteWebDriver.java:344)
	at org.openqa.selenium.support.pagefactory.DefaultElementLocator.findElement(DefaultElementLocator.java:70)
	at org.openqa.selenium.support.pagefactory.internal.LocatingElementHandler.invoke(LocatingElementHandler.java:39)
	at com.sun.proxy.$Proxy24.click(Unknown Source)
	at stepdefinitions.Egitimler_StepDefinitions.egitimler_sekmesine_tiklar(Egitimler_StepDefinitions.java:27)
	at ✽.Egitimler sekmesine tiklar(file:///C:/Users/Ertuğrul/IdeaProjects/Members_Panel/src/test/resources/features/Egitimler.feature:37)
]]>
</failure>
<system-out><![CDATA[
Given kullanıcı members.rexven.com sayfasına gider..........................passed
Then gecerli mail adresi girer..............................................passed
And gecerli password girer..................................................passed
Then Egitimler sekmesine tiklar.............................................failed
When İKAS baslangic egitimine tiklar........................................skipped
And Video icerisinde bulunan diger diger egitimlerin dogru calistigini teyit eder.skipped
]]></system-out>
</testcase>
<testcase classname="Egitimler Page" name="TC41" time="21.171">
<system-out><![CDATA[
Given kullanıcı members.rexven.com sayfasına gider..........................passed
Then gecerli mail adresi girer..............................................passed
And gecerli password girer..................................................passed
Then Egitimler sekmesine tiklar.............................................passed
Then sayfayi asagi indirir ve Amazon master egtimine tiklar.................passed
And Aktif üye olmadığınız için egitimlerden faydalanamazsınız yazisini görür ve kapatir.passed
]]></system-out>
</testcase>
<testcase classname="Egitimler Page" name="TC42" time="23.716">
<system-out><![CDATA[
Given kullanıcı members.rexven.com sayfasına gider..........................passed
Then gecerli mail adresi girer..............................................passed
And gecerli password girer..................................................passed
Then Egitimler sekmesine tiklar.............................................passed
Then sayfayi asagi indirir ve Amazon Uzmanı egtimine tiklar.................passed
And Aktif üye olmadığınız için egitimlerden faydalanamazsınız yazisini görür ve kapatir.passed
]]></system-out>
</testcase>
<testcase classname="Egitimler Page" name="TC43" time="40.848">
<system-out><![CDATA[
Given kullanıcı members.rexven.com sayfasına gider..........................passed
Then gecerli mail adresi girer..............................................passed
And gecerli password girer..................................................passed
Then Egitimler sekmesine tiklar.............................................passed
Then sayfayi asagi indirir ve Etsy master egitimine tiklar..................passed
And Satin al sekmesine tiklar Payment Sayfasina yönlendirdigini kontrol eder.passed
]]></system-out>
</testcase>
<testcase classname="Egitimler Page" name="TC44" time="44.368">
<system-out><![CDATA[
Given kullanıcı members.rexven.com sayfasına gider..........................passed
Then gecerli ücretli üyelik mail adresi girer...............................passed
And gecerli password girer..................................................passed
Then Egitimler sekmesine tiklar.............................................passed
Then sayfayi asagi indirir ve Amazon master egitimine tiklar................passed
And Video icerisinde bulunan diger diger egitimlerin acildigini teyit eder..passed
]]></system-out>
</testcase>
<testcase classname="Egitimler Page" name="TC45" time="44.4">
<system-out><![CDATA[
Given kullanıcı members.rexven.com sayfasına gider..........................passed
Then gecerli ücretli üyelik mail adresi girer...............................passed
And gecerli password girer..................................................passed
Then Egitimler sekmesine tiklar.............................................passed
Then sayfayi asagi indirir ve Amazon Uzmani egtimine tiklar.................passed
And Video icerisinde bulunan diger diger egitimlerin acildigıni teyit eder..passed
]]></system-out>
</testcase>
<testcase classname="Egitimler Page" name="TC46" time="44.846">
<system-out><![CDATA[
Given kullanıcı members.rexven.com sayfasına gider..........................passed
Then gecerli ücretli üyelik mail adresi girer...............................passed
And gecerli password girer..................................................passed
Then Egitimler sekmesine tiklar.............................................passed
Then sayfayi asagi indirir ve Trendyol Master egitimine tiklar..............passed
And Video icerisinde bulunan diger egitimlerin acildiginı teyit eder........passed
]]></system-out>
</testcase>
<testcase classname="Egitimler Page" name="TC47" time="58.444">
<system-out><![CDATA[
Given kullanıcı members.rexven.com sayfasına gider..........................passed
Then gecerli ücretli üyelik mail adresi girer...............................passed
And gecerli password girer..................................................passed
Then Egitimler sekmesine tiklar.............................................passed
Then sayfayi asagi indirir ve Canli Egitim Kayitlarina tiklar...............passed
And Video icerisinde bulunan diger egitimlerin acıldiginı teyit eder........passed
]]></system-out>
</testcase>
<testcase classname="Register-Login Olma" name="TC55" time="9.769">
<system-out><![CDATA[
Given kullanıcı members.rexven.com sayfasına gider..........................passed
Then gecerli mail adresi girer..............................................passed
And gecerli password girer..................................................passed
]]></system-out>
</testcase>
<testcase classname="Register-Login Olma" name="TC56" time="13.959">
<system-out><![CDATA[
Given kullanıcı members.rexven.com sayfasına gider..........................passed
Then gecerli mail adresi girer..............................................passed
And gecersiz password girer.................................................passed
Then yanlis sifre ve mail yazisini görür....................................passed
]]></system-out>
</testcase>
<testcase classname="Register-Login Olma" name="TC57" time="12.726">
<system-out><![CDATA[
Given kullanıcı members.rexven.com sayfasına gider..........................passed
Then gecersiz mail adresi girer.............................................passed
And gecerli password girer..................................................passed
Then yanlis sifre ve mail yazisıni görür....................................passed
]]></system-out>
</testcase>
<testcase classname="Register-Login Olma" name="TC58" time="12.153">
<system-out><![CDATA[
Given kullanıcı members.rexven.com sayfasına gider..........................passed
Then gecersiz mail adresi girer.............................................passed
And gecersiz password girer.................................................passed
Then yanlis sifre ve mail yazısini görür....................................passed
]]></system-out>
</testcase>
<testcase classname="Register-Login Olma" name="TC59" time="18.163">
<system-out><![CDATA[
Given kullanıcı members.rexven.com sayfasına gider..........................passed
Then kayit ol sekmesine tiklar..............................................passed
And gelen sayfada gerekli bilgileri doldurur................................passed
Then bu email kullanılyor yazisini görür....................................passed
]]></system-out>
</testcase>
<testcase classname="Register-Login Olma" name="TC60" time="20.037">
<system-out><![CDATA[
Given kullanıcı members.rexven.com sayfasına gider..........................passed
Then kayit ol sekmesine tiklar..............................................passed
And gelen sayfada gerekli bilgileri eksik doldurur..........................passed
Then boş alan bırakılamaz uyari yazisini görür..............................passed
And kvkk butonunu işaretlemez ve uyarı yazisini görür.......................passed
]]></system-out>
</testcase>
<testcase classname="Register-Login Olma" name="TC61" time="15.023">
<system-out><![CDATA[
Given kullanıcı members.rexven.com sayfasına gider..........................passed
Then kayit ol sekmesine tiklar..............................................passed
And gelen sayfada gerekli  bilgileri doldurur...............................passed
Then şifre ve şifre tekrari birbiri ile farklı girer........................passed
And Geçersiz giriş: Parola alanları eşleşmiyor yazisini görür...............passed
]]></system-out>
</testcase>
<testcase classname="Road Map" name="TC35" time="22.628">
<system-out><![CDATA[
Given kullanıcı members.rexven.com sayfasına gider..........................passed
Then gecerli mail adresi girer..............................................passed
And gecerli password girer..................................................passed
When yol haritasi sekmesine tiklar..........................................passed
And stage kisminda bulunan sekmeleri dogrulamasini yapar....................passed
]]></system-out>
</testcase>
<testcase classname="Road Map" name="TC36" time="33.661">
<system-out><![CDATA[
Given kullanıcı members.rexven.com sayfasına gider..........................passed
Then gecerli mail adresi girer..............................................passed
And gecerli password girer..................................................passed
When yol haritasi sekmesine tiklar..........................................passed
And sayfayi asagi indirir ve 6 adet yol haritasi yazisi oldugunu dogrular...passed
]]></system-out>
</testcase>
<testcase classname="Hizmet Saglayıcılar" name="TC10" time="56.39">
<system-out><![CDATA[
Given kullanıcı members.rexven.com sayfasına gider..........................passed
Then gecerli mail adresi girer..............................................passed
And gecerli password girer..................................................passed
And hizmet saglayıcılar sekmesine tıklar....................................passed
Then acılan sayfayı asagı-yukarı kaydırır tüm sayfayi görür.................passed
And clemta isimli sirketin altında bulunan indirim al butonuna basar ve tamam der.passed
And vidyoner isimli sirketin altında bulunan indirim al butonuna basar ve tamam der.passed
And shıppıng garage isimli sirketin altında bulunan indirim al butonuna basar ve tamam der.passed
]]></system-out>
</testcase>
<testcase classname="Soru Cevap Kütüphanesi" name="TC53" time="56.914">
<system-out><![CDATA[
Given kullanıcı members.rexven.com sayfasına gider..........................passed
Then gecerli mail adresi girer..............................................passed
And gecerli password girer..................................................passed
And Soru Cevap Kutuphanesi sekmesine tiklar.................................passed
And search kismina Emparazon yazar ara der..................................passed
Then gelen sonucların emparazon ile ilgili oldugunu teyit eder..............passed
]]></system-out>
</testcase>
<testcase classname="Soru Cevap Kütüphanesi" name="TC54" time="62.436">
<system-out><![CDATA[
Given kullanıcı members.rexven.com sayfasına gider..........................passed
Then gecerli mail adresi girer..............................................passed
And gecerli password girer..................................................passed
And Soru Cevap Kutuphanesi sekmesine tiklar.................................passed
And sayfayi asagi dogru indirir.............................................passed
Then ileri tusuna tiklar diger sayfalarin dogru acildigini teyit eder.......passed
]]></system-out>
</testcase>
<testcase classname="Tools Tab" name="TC14 Trendyol Kar Hesaplama" time="86.737">
<system-out><![CDATA[
Given kullanıcı members.rexven.com sayfasına gider..........................passed
Then gecerli mail adresi girer..............................................passed
And gecerli password girer..................................................passed
And araclar sekmesinde bulunan Trendyol sekmesini tiklar....................passed
And trendyol kar hesaplama secenegini tiklar................................passed
And acilan sayfada  gerekli tum bilgileri girer ve hesaplama yapar..........passed
Then cikan hesaplama sonucunun dogru oldugunu kontrol eder..................passed
]]></system-out>
</testcase>
<testcase classname="Tools Tab" name="TC15" time="49.415">
<system-out><![CDATA[
Given kullanıcı members.rexven.com sayfasına gider..........................passed
Then gecerli mail adresi girer..............................................passed
And gecerli password girer..................................................passed
And araclar sekmesinde bulunan Trendyol sekmesini tiklar....................passed
And trendyol kar hesaplama secenegini tiklar................................passed
And acilan sayfada kategoriyi secer.........................................passed
And satis fiyatini yazar....................................................passed
And hesapla butonuna basar..................................................passed
Then gelen sonuclarin dogrulamasini yapar...................................passed
]]></system-out>
</testcase>
<testcase classname="Tools Tab" name="TC16" time="42.171">
<system-out><![CDATA[
Given kullanıcı members.rexven.com sayfasına gider..........................passed
Then gecerli mail adresi girer..............................................passed
And gecerli password girer..................................................passed
And araclar sekmesinde bulunan Etsy sekmesini tiklar........................passed
And Etsy kar hesaplama secenegini tiklar....................................passed
And acilan sayfada sadece Turkish Lira secer, satis fiyatını yazar  ve hesapla der.passed
And gelen sonuclarin dogrulamasinı yapar....................................passed
]]></system-out>
</testcase>
<testcase classname="Tools Tab" name="TC17" time="10.361">
<failure type="org.openqa.selenium.NoSuchElementException" message="no such element: Unable to locate element: {&quot;method&quot;:&quot;xpath&quot;,&quot;selector&quot;:&quot;//nav[@class='flex-1 space-y-1 px-2 py-4']//p[contains(.,'Etsy')]&quot;}
  (Session info: chrome=113.0.5672.93)
For documentation on this error, please visit: https://selenium.dev/exceptions/#no_such_element
Build info: version: '4.8.3', revision: 'e5e76298c3'
System info: os.name: 'Windows 11', os.arch: 'amd64', os.version: '10.0', java.version: '11.0.15'
Driver info: org.openqa.selenium.chrome.ChromeDriver
Command: [95c9baaf94ce6219115e793e0392880e, findElement {using=xpath, value=//nav[@class='flex-1 space-y-1 px-2 py-4']//p[contains(.,'Etsy')]}]
Capabilities {acceptInsecureCerts: false, browserName: chrome, browserVersion: 113.0.5672.93, chrome: {chromedriverVersion: 113.0.5672.63 (0e1a4471d5ae..., userDataDir: C:\Users\ERTURU~1\AppData\L...}, goog:chromeOptions: {debuggerAddress: localhost:54054}, networkConnectionEnabled: false, pageLoadStrategy: normal, platformName: WINDOWS, proxy: Proxy(), se:cdp: ws://localhost:54054/devtoo..., se:cdpVersion: 113.0.5672.93, setWindowRect: true, strictFileInteractability: false, timeouts: {implicit: 0, pageLoad: 300000, script: 30000}, unhandledPromptBehavior: dismiss and notify, webauthn:extension:credBlob: true, webauthn:extension:largeBlob: true, webauthn:extension:minPinLength: true, webauthn:extension:prf: true, webauthn:virtualAuthenticators: true}
Session ID: 95c9baaf94ce6219115e793e0392880e">
<![CDATA[org.openqa.selenium.NoSuchElementException: no such element: Unable to locate element: {"method":"xpath","selector":"//nav[@class='flex-1 space-y-1 px-2 py-4']//p[contains(.,'Etsy')]"}
  (Session info: chrome=113.0.5672.93)
For documentation on this error, please visit: https://selenium.dev/exceptions/#no_such_element
Build info: version: '4.8.3', revision: 'e5e76298c3'
System info: os.name: 'Windows 11', os.arch: 'amd64', os.version: '10.0', java.version: '11.0.15'
Driver info: org.openqa.selenium.chrome.ChromeDriver
Command: [95c9baaf94ce6219115e793e0392880e, findElement {using=xpath, value=//nav[@class='flex-1 space-y-1 px-2 py-4']//p[contains(.,'Etsy')]}]
Capabilities {acceptInsecureCerts: false, browserName: chrome, browserVersion: 113.0.5672.93, chrome: {chromedriverVersion: 113.0.5672.63 (0e1a4471d5ae..., userDataDir: C:\Users\ERTURU~1\AppData\L...}, goog:chromeOptions: {debuggerAddress: localhost:54054}, networkConnectionEnabled: false, pageLoadStrategy: normal, platformName: WINDOWS, proxy: Proxy(), se:cdp: ws://localhost:54054/devtoo..., se:cdpVersion: 113.0.5672.93, setWindowRect: true, strictFileInteractability: false, timeouts: {implicit: 0, pageLoad: 300000, script: 30000}, unhandledPromptBehavior: dismiss and notify, webauthn:extension:credBlob: true, webauthn:extension:largeBlob: true, webauthn:extension:minPinLength: true, webauthn:extension:prf: true, webauthn:virtualAuthenticators: true}
Session ID: 95c9baaf94ce6219115e793e0392880e
	at java.base/jdk.internal.reflect.NativeConstructorAccessorImpl.newInstance0(Native Method)
	at java.base/jdk.internal.reflect.NativeConstructorAccessorImpl.newInstance(NativeConstructorAccessorImpl.java:62)
	at java.base/jdk.internal.reflect.DelegatingConstructorAccessorImpl.newInstance(DelegatingConstructorAccessorImpl.java:45)
	at java.base/java.lang.reflect.Constructor.newInstance(Constructor.java:490)
	at org.openqa.selenium.remote.codec.w3c.W3CHttpResponseCodec.createException(W3CHttpResponseCodec.java:200)
	at org.openqa.selenium.remote.codec.w3c.W3CHttpResponseCodec.decode(W3CHttpResponseCodec.java:133)
	at org.openqa.selenium.remote.codec.w3c.W3CHttpResponseCodec.decode(W3CHttpResponseCodec.java:53)
	at org.openqa.selenium.remote.HttpCommandExecutor.execute(HttpCommandExecutor.java:193)
	at org.openqa.selenium.remote.service.DriverCommandExecutor.invokeExecute(DriverCommandExecutor.java:183)
	at org.openqa.selenium.remote.service.DriverCommandExecutor.execute(DriverCommandExecutor.java:158)
	at org.openqa.selenium.remote.RemoteWebDriver.execute(RemoteWebDriver.java:543)
	at org.openqa.selenium.remote.ElementLocation$ElementFinder$2.findElement(ElementLocation.java:162)
	at org.openqa.selenium.remote.ElementLocation.findElement(ElementLocation.java:60)
	at org.openqa.selenium.remote.RemoteWebDriver.findElement(RemoteWebDriver.java:352)
	at org.openqa.selenium.remote.RemoteWebDriver.findElement(RemoteWebDriver.java:344)
	at org.openqa.selenium.support.pagefactory.DefaultElementLocator.findElement(DefaultElementLocator.java:70)
	at org.openqa.selenium.support.pagefactory.internal.LocatingElementHandler.invoke(LocatingElementHandler.java:39)
	at com.sun.proxy.$Proxy24.click(Unknown Source)
	at stepdefinitions.Tools_Tab_Etsy_StepDefinitions.araclar_sekmesinde_bulunan_etsy_sekmesini_tiklar(Tools_Tab_Etsy_StepDefinitions.java:32)
	at ✽.araclar sekmesinde bulunan Etsy sekmesini tiklar(file:///C:/Users/Ertuğrul/IdeaProjects/Members_Panel/src/test/resources/features/Tools_Tab.feature:47)
]]>
</failure>
<system-out><![CDATA[
Given kullanıcı members.rexven.com sayfasına gider..........................passed
Then gecerli mail adresi girer..............................................passed
And gecerli password girer..................................................passed
And araclar sekmesinde bulunan Etsy sekmesini tiklar........................failed
And Etsy kar hesaplama secenegini tiklar....................................skipped
And magaza para birimi olarak Turkish Lira secer............................skipped
And vergi numarasi yok......................................................skipped
And Offsite Ads  %12........................................................skipped
And ucretsiz listeleme var olarak secer.....................................skipped
Then gerekli tüm alanlara satis bilgileri girer.............................skipped
And hesapla butonuna tiklar.................................................skipped
And gelen sonuclarin dogrulamsını yapar.....................................skipped
]]></system-out>
</testcase>
<testcase classname="Tools Tab" name="TC18" time="16.23">
<system-out><![CDATA[
Given kullanıcı members.rexven.com sayfasına gider..........................passed
Then gecerli mail adresi girer..............................................passed
And gecerli password girer..................................................passed
And araclar sekmesinde bulunan Etsy sekmesini tiklar........................passed
And cok satan saticilar sekmesine tiklar....................................passed
And acilan sayfada ETSY ÇOK SATAN SATİCİLAR yazisinin geldigini teyit eder..passed
]]></system-out>
</testcase>
<testcase classname="Tools Tab" name="TC19" time="40.89">
<system-out><![CDATA[
Given kullanıcı members.rexven.com sayfasına gider..........................passed
Then gecerli mail adresi girer..............................................passed
And gecerli password girer..................................................passed
And araclar sekmesinde bulunan Etsy sekmesini tiklar........................passed
And cok satan saticilar sekmesine tiklar....................................passed
And acilan sayfada gerekli bilgileri  doldurur..............................passed
And filtreleri uygula secenegine tiklar.....................................passed
And Satın al popup geldigini teyit eder dogrular............................passed
]]></system-out>
</testcase>
<testcase classname="Tools Tab" name="TC20" time="66.539">
<system-out><![CDATA[
Given kullanıcı members.rexven.com sayfasına gider..........................passed
Then gecerli mail adresi girer..............................................passed
And gecerli password girer..................................................passed
And araclar sekmesinde bulunan Etsy sekmesini tiklar........................passed
And cok satan saticilar sekmesine tiklar....................................passed
And acilan sayfada gerekli bilgileri  doldurur..............................passed
And filtreleri uygula secenegine tiklar.....................................passed
And Satın al popup'una tiklar...............................................passed
And sayfayı asagi kaydirip paket iceriklerini okur..........................passed
And yillik secenegine tiklar paket icerigini kontrol eder...................passed
]]></system-out>
</testcase>
<testcase classname="Tools Tab" name="TC21" time="9.738">
<failure type="org.openqa.selenium.NoSuchElementException" message="no such element: Unable to locate element: {&quot;method&quot;:&quot;xpath&quot;,&quot;selector&quot;:&quot;//nav[@class='flex-1 space-y-1 px-2 py-4']//p[contains(.,'Etsy')]&quot;}
  (Session info: chrome=113.0.5672.93)
For documentation on this error, please visit: https://selenium.dev/exceptions/#no_such_element
Build info: version: '4.8.3', revision: 'e5e76298c3'
System info: os.name: 'Windows 11', os.arch: 'amd64', os.version: '10.0', java.version: '11.0.15'
Driver info: org.openqa.selenium.chrome.ChromeDriver
Command: [1bfeb8031cc60e877e58a8aa8579b50c, findElement {using=xpath, value=//nav[@class='flex-1 space-y-1 px-2 py-4']//p[contains(.,'Etsy')]}]
Capabilities {acceptInsecureCerts: false, browserName: chrome, browserVersion: 113.0.5672.93, chrome: {chromedriverVersion: 113.0.5672.63 (0e1a4471d5ae..., userDataDir: C:\Users\ERTURU~1\AppData\L...}, goog:chromeOptions: {debuggerAddress: localhost:54437}, networkConnectionEnabled: false, pageLoadStrategy: normal, platformName: WINDOWS, proxy: Proxy(), se:cdp: ws://localhost:54437/devtoo..., se:cdpVersion: 113.0.5672.93, setWindowRect: true, strictFileInteractability: false, timeouts: {implicit: 0, pageLoad: 300000, script: 30000}, unhandledPromptBehavior: dismiss and notify, webauthn:extension:credBlob: true, webauthn:extension:largeBlob: true, webauthn:extension:minPinLength: true, webauthn:extension:prf: true, webauthn:virtualAuthenticators: true}
Session ID: 1bfeb8031cc60e877e58a8aa8579b50c">
<![CDATA[org.openqa.selenium.NoSuchElementException: no such element: Unable to locate element: {"method":"xpath","selector":"//nav[@class='flex-1 space-y-1 px-2 py-4']//p[contains(.,'Etsy')]"}
  (Session info: chrome=113.0.5672.93)
For documentation on this error, please visit: https://selenium.dev/exceptions/#no_such_element
Build info: version: '4.8.3', revision: 'e5e76298c3'
System info: os.name: 'Windows 11', os.arch: 'amd64', os.version: '10.0', java.version: '11.0.15'
Driver info: org.openqa.selenium.chrome.ChromeDriver
Command: [1bfeb8031cc60e877e58a8aa8579b50c, findElement {using=xpath, value=//nav[@class='flex-1 space-y-1 px-2 py-4']//p[contains(.,'Etsy')]}]
Capabilities {acceptInsecureCerts: false, browserName: chrome, browserVersion: 113.0.5672.93, chrome: {chromedriverVersion: 113.0.5672.63 (0e1a4471d5ae..., userDataDir: C:\Users\ERTURU~1\AppData\L...}, goog:chromeOptions: {debuggerAddress: localhost:54437}, networkConnectionEnabled: false, pageLoadStrategy: normal, platformName: WINDOWS, proxy: Proxy(), se:cdp: ws://localhost:54437/devtoo..., se:cdpVersion: 113.0.5672.93, setWindowRect: true, strictFileInteractability: false, timeouts: {implicit: 0, pageLoad: 300000, script: 30000}, unhandledPromptBehavior: dismiss and notify, webauthn:extension:credBlob: true, webauthn:extension:largeBlob: true, webauthn:extension:minPinLength: true, webauthn:extension:prf: true, webauthn:virtualAuthenticators: true}
Session ID: 1bfeb8031cc60e877e58a8aa8579b50c
	at java.base/jdk.internal.reflect.NativeConstructorAccessorImpl.newInstance0(Native Method)
	at java.base/jdk.internal.reflect.NativeConstructorAccessorImpl.newInstance(NativeConstructorAccessorImpl.java:62)
	at java.base/jdk.internal.reflect.DelegatingConstructorAccessorImpl.newInstance(DelegatingConstructorAccessorImpl.java:45)
	at java.base/java.lang.reflect.Constructor.newInstance(Constructor.java:490)
	at org.openqa.selenium.remote.codec.w3c.W3CHttpResponseCodec.createException(W3CHttpResponseCodec.java:200)
	at org.openqa.selenium.remote.codec.w3c.W3CHttpResponseCodec.decode(W3CHttpResponseCodec.java:133)
	at org.openqa.selenium.remote.codec.w3c.W3CHttpResponseCodec.decode(W3CHttpResponseCodec.java:53)
	at org.openqa.selenium.remote.HttpCommandExecutor.execute(HttpCommandExecutor.java:193)
	at org.openqa.selenium.remote.service.DriverCommandExecutor.invokeExecute(DriverCommandExecutor.java:183)
	at org.openqa.selenium.remote.service.DriverCommandExecutor.execute(DriverCommandExecutor.java:158)
	at org.openqa.selenium.remote.RemoteWebDriver.execute(RemoteWebDriver.java:543)
	at org.openqa.selenium.remote.ElementLocation$ElementFinder$2.findElement(ElementLocation.java:162)
	at org.openqa.selenium.remote.ElementLocation.findElement(ElementLocation.java:60)
	at org.openqa.selenium.remote.RemoteWebDriver.findElement(RemoteWebDriver.java:352)
	at org.openqa.selenium.remote.RemoteWebDriver.findElement(RemoteWebDriver.java:344)
	at org.openqa.selenium.support.pagefactory.DefaultElementLocator.findElement(DefaultElementLocator.java:70)
	at org.openqa.selenium.support.pagefactory.internal.LocatingElementHandler.invoke(LocatingElementHandler.java:39)
	at com.sun.proxy.$Proxy24.click(Unknown Source)
	at stepdefinitions.Tools_Tab_Etsy_StepDefinitions.araclar_sekmesinde_bulunan_etsy_sekmesini_tiklar(Tools_Tab_Etsy_StepDefinitions.java:32)
	at ✽.araclar sekmesinde bulunan Etsy sekmesini tiklar(file:///C:/Users/Ertuğrul/IdeaProjects/Members_Panel/src/test/resources/features/Tools_Tab.feature:102)
]]>
</failure>
<system-out><![CDATA[
Given kullanıcı members.rexven.com sayfasına gider..........................passed
Then gecerli mail adresi girer..............................................passed
And gecerli password girer..................................................passed
And araclar sekmesinde bulunan Etsy sekmesini tiklar........................failed
And cok satan saticilar sekmesine tiklar....................................skipped
And acilan sayfada gerekli bilgileri  doldurur..............................skipped
And filtreleri uygula secenegine tiklar.....................................skipped
And Satın al popup'una tiklar...............................................skipped
And yeni acilan sayfada ücretsiz üyelik butonuna tiklar.....................skipped
And yeni acilan sayfada asagi-yukari yaparak sayfayı kontrol eder...........skipped
]]></system-out>
</testcase>
<testcase classname="Tools Tab" name="TC22" time="54.011">
<system-out><![CDATA[
Given kullanıcı members.rexven.com sayfasına gider..........................passed
Then gecerli mail adresi girer..............................................passed
And gecerli password girer..................................................passed
And araclar sekmesinde bulunan Etsy sekmesini tiklar........................passed
And cok satan saticilar sekmesine tiklar....................................passed
And acilan sayfada gerekli bilgileri  doldurur..............................passed
And filtreleri uygula secenegine tiklar.....................................passed
And Satın al popup'una tiklar...............................................passed
And yeni acilan sayfada Ekosistem üyeliği Ekosisteme katil butonuna tiklar..passed
]]></system-out>
</testcase>
<testcase classname="Tools Tab" name="TC23" time="43.51">
<system-out><![CDATA[
Given kullanıcı members.rexven.com sayfasına gider..........................passed
Then gecerli mail adresi girer..............................................passed
And gecerli password girer..................................................passed
And araclar sekmesinde bulunan Etsy sekmesini tiklar........................passed
And cok satan saticilar sekmesine tiklar....................................passed
And acilan sayfada gerekli bilgileri  doldurur..............................passed
And filtreleri uygula secenegine tiklar.....................................passed
And Satın al popup'una tiklar...............................................passed
And yeni acilan sayfada Ekosistem üyeliği Ekosisteme katil butonuna  tiklar.passed
]]></system-out>
</testcase>
<testcase classname="Tools Tab" name="TC24" time="54.418">
<system-out><![CDATA[
Given kullanıcı members.rexven.com sayfasına gider..........................passed
Then gecerli mail adresi girer..............................................passed
And gecerli password girer..................................................passed
And araclar sekmesinde bulunan Etsy sekmesini tiklar........................passed
And cok satan saticilar sekmesine tiklar....................................passed
And acilan sayfada gerekli bilgileri  doldurur..............................passed
And filtreleri uygula secenegine tiklar.....................................passed
And Satın al popup'una tiklar...............................................passed
And sayfayı aşagı dogru kaydirir............................................passed
And sadece ilk 3 urunun bilgilerinin geldigini teyit eder ve konsola yazdirir.passed
]]></system-out>
</testcase>
<testcase classname="Tools Tab" name="TC25" time="9.848">
<failure type="org.openqa.selenium.NoSuchElementException" message="no such element: Unable to locate element: {&quot;method&quot;:&quot;xpath&quot;,&quot;selector&quot;:&quot;//nav[@class='flex-1 space-y-1 px-2 py-4']//p[contains(.,'Etsy')]&quot;}
  (Session info: chrome=113.0.5672.93)
For documentation on this error, please visit: https://selenium.dev/exceptions/#no_such_element
Build info: version: '4.8.3', revision: 'e5e76298c3'
System info: os.name: 'Windows 11', os.arch: 'amd64', os.version: '10.0', java.version: '11.0.15'
Driver info: org.openqa.selenium.chrome.ChromeDriver
Command: [44dd8b945ec86351026eece08ae1e82a, findElement {using=xpath, value=//nav[@class='flex-1 space-y-1 px-2 py-4']//p[contains(.,'Etsy')]}]
Capabilities {acceptInsecureCerts: false, browserName: chrome, browserVersion: 113.0.5672.93, chrome: {chromedriverVersion: 113.0.5672.63 (0e1a4471d5ae..., userDataDir: C:\Users\ERTURU~1\AppData\L...}, goog:chromeOptions: {debuggerAddress: localhost:54897}, networkConnectionEnabled: false, pageLoadStrategy: normal, platformName: WINDOWS, proxy: Proxy(), se:cdp: ws://localhost:54897/devtoo..., se:cdpVersion: 113.0.5672.93, setWindowRect: true, strictFileInteractability: false, timeouts: {implicit: 0, pageLoad: 300000, script: 30000}, unhandledPromptBehavior: dismiss and notify, webauthn:extension:credBlob: true, webauthn:extension:largeBlob: true, webauthn:extension:minPinLength: true, webauthn:extension:prf: true, webauthn:virtualAuthenticators: true}
Session ID: 44dd8b945ec86351026eece08ae1e82a">
<![CDATA[org.openqa.selenium.NoSuchElementException: no such element: Unable to locate element: {"method":"xpath","selector":"//nav[@class='flex-1 space-y-1 px-2 py-4']//p[contains(.,'Etsy')]"}
  (Session info: chrome=113.0.5672.93)
For documentation on this error, please visit: https://selenium.dev/exceptions/#no_such_element
Build info: version: '4.8.3', revision: 'e5e76298c3'
System info: os.name: 'Windows 11', os.arch: 'amd64', os.version: '10.0', java.version: '11.0.15'
Driver info: org.openqa.selenium.chrome.ChromeDriver
Command: [44dd8b945ec86351026eece08ae1e82a, findElement {using=xpath, value=//nav[@class='flex-1 space-y-1 px-2 py-4']//p[contains(.,'Etsy')]}]
Capabilities {acceptInsecureCerts: false, browserName: chrome, browserVersion: 113.0.5672.93, chrome: {chromedriverVersion: 113.0.5672.63 (0e1a4471d5ae..., userDataDir: C:\Users\ERTURU~1\AppData\L...}, goog:chromeOptions: {debuggerAddress: localhost:54897}, networkConnectionEnabled: false, pageLoadStrategy: normal, platformName: WINDOWS, proxy: Proxy(), se:cdp: ws://localhost:54897/devtoo..., se:cdpVersion: 113.0.5672.93, setWindowRect: true, strictFileInteractability: false, timeouts: {implicit: 0, pageLoad: 300000, script: 30000}, unhandledPromptBehavior: dismiss and notify, webauthn:extension:credBlob: true, webauthn:extension:largeBlob: true, webauthn:extension:minPinLength: true, webauthn:extension:prf: true, webauthn:virtualAuthenticators: true}
Session ID: 44dd8b945ec86351026eece08ae1e82a
	at java.base/jdk.internal.reflect.NativeConstructorAccessorImpl.newInstance0(Native Method)
	at java.base/jdk.internal.reflect.NativeConstructorAccessorImpl.newInstance(NativeConstructorAccessorImpl.java:62)
	at java.base/jdk.internal.reflect.DelegatingConstructorAccessorImpl.newInstance(DelegatingConstructorAccessorImpl.java:45)
	at java.base/java.lang.reflect.Constructor.newInstance(Constructor.java:490)
	at org.openqa.selenium.remote.codec.w3c.W3CHttpResponseCodec.createException(W3CHttpResponseCodec.java:200)
	at org.openqa.selenium.remote.codec.w3c.W3CHttpResponseCodec.decode(W3CHttpResponseCodec.java:133)
	at org.openqa.selenium.remote.codec.w3c.W3CHttpResponseCodec.decode(W3CHttpResponseCodec.java:53)
	at org.openqa.selenium.remote.HttpCommandExecutor.execute(HttpCommandExecutor.java:193)
	at org.openqa.selenium.remote.service.DriverCommandExecutor.invokeExecute(DriverCommandExecutor.java:183)
	at org.openqa.selenium.remote.service.DriverCommandExecutor.execute(DriverCommandExecutor.java:158)
	at org.openqa.selenium.remote.RemoteWebDriver.execute(RemoteWebDriver.java:543)
	at org.openqa.selenium.remote.ElementLocation$ElementFinder$2.findElement(ElementLocation.java:162)
	at org.openqa.selenium.remote.ElementLocation.findElement(ElementLocation.java:60)
	at org.openqa.selenium.remote.RemoteWebDriver.findElement(RemoteWebDriver.java:352)
	at org.openqa.selenium.remote.RemoteWebDriver.findElement(RemoteWebDriver.java:344)
	at org.openqa.selenium.support.pagefactory.DefaultElementLocator.findElement(DefaultElementLocator.java:70)
	at org.openqa.selenium.support.pagefactory.internal.LocatingElementHandler.invoke(LocatingElementHandler.java:39)
	at com.sun.proxy.$Proxy24.click(Unknown Source)
	at stepdefinitions.Tools_Tab_Etsy_StepDefinitions.araclar_sekmesinde_bulunan_etsy_sekmesini_tiklar(Tools_Tab_Etsy_StepDefinitions.java:32)
	at ✽.araclar sekmesinde bulunan Etsy sekmesini tiklar(file:///C:/Users/Ertuğrul/IdeaProjects/Members_Panel/src/test/resources/features/Tools_Tab.feature:162)
]]>
</failure>
<system-out><![CDATA[
Given kullanıcı members.rexven.com sayfasına gider..........................passed
Then gecerli ücretli üyelik mail adresi girer...............................passed
And gecerli password girer..................................................passed
And araclar sekmesinde bulunan Etsy sekmesini tiklar........................failed
And cok satan saticilar sekmesine tiklar....................................skipped
Then acilan sayfayı asagi dogru indirir.....................................skipped
Then tüm saticilarin bilgilerinin göründügünü teyit eder....................skipped
]]></system-out>
</testcase>
<testcase classname="Tools Tab" name="TC26" time="11.181">
<failure type="org.openqa.selenium.NoSuchElementException" message="no such element: Unable to locate element: {&quot;method&quot;:&quot;xpath&quot;,&quot;selector&quot;:&quot;//nav[@class='flex-1 space-y-1 px-2 py-4']//p[contains(.,'Etsy')]&quot;}
  (Session info: chrome=113.0.5672.93)
For documentation on this error, please visit: https://selenium.dev/exceptions/#no_such_element
Build info: version: '4.8.3', revision: 'e5e76298c3'
System info: os.name: 'Windows 11', os.arch: 'amd64', os.version: '10.0', java.version: '11.0.15'
Driver info: org.openqa.selenium.chrome.ChromeDriver
Command: [bf5474705cbaae432cabf559de2dd46f, findElement {using=xpath, value=//nav[@class='flex-1 space-y-1 px-2 py-4']//p[contains(.,'Etsy')]}]
Capabilities {acceptInsecureCerts: false, browserName: chrome, browserVersion: 113.0.5672.93, chrome: {chromedriverVersion: 113.0.5672.63 (0e1a4471d5ae..., userDataDir: C:\Users\ERTURU~1\AppData\L...}, goog:chromeOptions: {debuggerAddress: localhost:54945}, networkConnectionEnabled: false, pageLoadStrategy: normal, platformName: WINDOWS, proxy: Proxy(), se:cdp: ws://localhost:54945/devtoo..., se:cdpVersion: 113.0.5672.93, setWindowRect: true, strictFileInteractability: false, timeouts: {implicit: 0, pageLoad: 300000, script: 30000}, unhandledPromptBehavior: dismiss and notify, webauthn:extension:credBlob: true, webauthn:extension:largeBlob: true, webauthn:extension:minPinLength: true, webauthn:extension:prf: true, webauthn:virtualAuthenticators: true}
Session ID: bf5474705cbaae432cabf559de2dd46f">
<![CDATA[org.openqa.selenium.NoSuchElementException: no such element: Unable to locate element: {"method":"xpath","selector":"//nav[@class='flex-1 space-y-1 px-2 py-4']//p[contains(.,'Etsy')]"}
  (Session info: chrome=113.0.5672.93)
For documentation on this error, please visit: https://selenium.dev/exceptions/#no_such_element
Build info: version: '4.8.3', revision: 'e5e76298c3'
System info: os.name: 'Windows 11', os.arch: 'amd64', os.version: '10.0', java.version: '11.0.15'
Driver info: org.openqa.selenium.chrome.ChromeDriver
Command: [bf5474705cbaae432cabf559de2dd46f, findElement {using=xpath, value=//nav[@class='flex-1 space-y-1 px-2 py-4']//p[contains(.,'Etsy')]}]
Capabilities {acceptInsecureCerts: false, browserName: chrome, browserVersion: 113.0.5672.93, chrome: {chromedriverVersion: 113.0.5672.63 (0e1a4471d5ae..., userDataDir: C:\Users\ERTURU~1\AppData\L...}, goog:chromeOptions: {debuggerAddress: localhost:54945}, networkConnectionEnabled: false, pageLoadStrategy: normal, platformName: WINDOWS, proxy: Proxy(), se:cdp: ws://localhost:54945/devtoo..., se:cdpVersion: 113.0.5672.93, setWindowRect: true, strictFileInteractability: false, timeouts: {implicit: 0, pageLoad: 300000, script: 30000}, unhandledPromptBehavior: dismiss and notify, webauthn:extension:credBlob: true, webauthn:extension:largeBlob: true, webauthn:extension:minPinLength: true, webauthn:extension:prf: true, webauthn:virtualAuthenticators: true}
Session ID: bf5474705cbaae432cabf559de2dd46f
	at java.base/jdk.internal.reflect.NativeConstructorAccessorImpl.newInstance0(Native Method)
	at java.base/jdk.internal.reflect.NativeConstructorAccessorImpl.newInstance(NativeConstructorAccessorImpl.java:62)
	at java.base/jdk.internal.reflect.DelegatingConstructorAccessorImpl.newInstance(DelegatingConstructorAccessorImpl.java:45)
	at java.base/java.lang.reflect.Constructor.newInstance(Constructor.java:490)
	at org.openqa.selenium.remote.codec.w3c.W3CHttpResponseCodec.createException(W3CHttpResponseCodec.java:200)
	at org.openqa.selenium.remote.codec.w3c.W3CHttpResponseCodec.decode(W3CHttpResponseCodec.java:133)
	at org.openqa.selenium.remote.codec.w3c.W3CHttpResponseCodec.decode(W3CHttpResponseCodec.java:53)
	at org.openqa.selenium.remote.HttpCommandExecutor.execute(HttpCommandExecutor.java:193)
	at org.openqa.selenium.remote.service.DriverCommandExecutor.invokeExecute(DriverCommandExecutor.java:183)
	at org.openqa.selenium.remote.service.DriverCommandExecutor.execute(DriverCommandExecutor.java:158)
	at org.openqa.selenium.remote.RemoteWebDriver.execute(RemoteWebDriver.java:543)
	at org.openqa.selenium.remote.ElementLocation$ElementFinder$2.findElement(ElementLocation.java:162)
	at org.openqa.selenium.remote.ElementLocation.findElement(ElementLocation.java:60)
	at org.openqa.selenium.remote.RemoteWebDriver.findElement(RemoteWebDriver.java:352)
	at org.openqa.selenium.remote.RemoteWebDriver.findElement(RemoteWebDriver.java:344)
	at org.openqa.selenium.support.pagefactory.DefaultElementLocator.findElement(DefaultElementLocator.java:70)
	at org.openqa.selenium.support.pagefactory.internal.LocatingElementHandler.invoke(LocatingElementHandler.java:39)
	at com.sun.proxy.$Proxy24.click(Unknown Source)
	at stepdefinitions.Tools_Tab_Etsy_StepDefinitions.araclar_sekmesinde_bulunan_etsy_sekmesini_tiklar(Tools_Tab_Etsy_StepDefinitions.java:32)
	at ✽.araclar sekmesinde bulunan Etsy sekmesini tiklar(file:///C:/Users/Ertuğrul/IdeaProjects/Members_Panel/src/test/resources/features/Tools_Tab.feature:174)
]]>
</failure>
<system-out><![CDATA[
Given kullanıcı members.rexven.com sayfasına gider..........................passed
Then gecerli mail adresi girer..............................................passed
And gecerli password girer..................................................passed
And araclar sekmesinde bulunan Etsy sekmesini tiklar........................failed
And Popüler saticilar sekmesine tiklar......................................skipped
Then acilan sayfada ETSY POPÜLER SATİCİLAR yazisinin geldigini teyit eder yazdirir.skipped
And sayfayi asagi dogru indirir ve sadece 3 satici bilgisinin geldigini teyit eder.skipped
And bilgileri görünen saticiların bilgilerini yazdirir......................skipped
]]></system-out>
</testcase>
<testcase classname="Tools Tab" name="TC27" time="47.918">
<system-out><![CDATA[
Given kullanıcı members.rexven.com sayfasına gider..........................passed
Then gecerli mail adresi girer..............................................passed
And gecerli password girer..................................................passed
And araclar sekmesinde bulunan Etsy sekmesini tiklar........................passed
And Popüler saticilar sekmesine tiklar......................................passed
Then gerekli bilgileri doldurur.............................................passed
And filtreleri uygula secenegine tiklar.....................................passed
And sayfayi asagi indirir ve bilgilerin geldigini teyit eder................passed
]]></system-out>
</testcase>
<testcase classname="Tools Tab" name="TC28" time="48.908">
<system-out><![CDATA[
Given kullanıcı members.rexven.com sayfasına gider..........................passed
Then gecerli ücretli üyelik mail adresi girer...............................passed
And gecerli password girer..................................................passed
And araclar sekmesinde bulunan Etsy sekmesini tiklar........................passed
And Popüler saticilar sekmesine tiklar......................................passed
And sayfayi asagi indirir ve tüm bilgilerin geldigini teyit eder............passed
And ileri sekmesine basar ve satici bilgilerinin geldigini teyit eder.......passed
]]></system-out>
</testcase>
<testcase classname="Tools Tab" name="TC29" time="30.862">
<system-out><![CDATA[
Given kullanıcı members.rexven.com sayfasına gider..........................passed
Then gecerli mail adresi girer..............................................passed
And gecerli password girer..................................................passed
And araclar sekmesinde bulunan Etsy sekmesini tiklar........................passed
Then Cok Satan Urunler sekmesine tiklar.....................................passed
Then acilan sayfada ETSY COK SATAN ÜRÜNLER yazisinin geldigini teyit eder yazdirir.passed
And sayfayi asagi dogru indirir ve sadece 3 satici bilgisinin geldigini  teyit eder.passed
And bilgileri görünen saticilari konsola yazdirir...........................passed
]]></system-out>
</testcase>
<testcase classname="Tools Tab" name="TC30" time="37.002">
<system-out><![CDATA[
Given kullanıcı members.rexven.com sayfasına gider..........................passed
Then gecerli ücretli üyelik mail adresi girer...............................passed
And gecerli password girer..................................................passed
And araclar sekmesinde bulunan Etsy sekmesini tiklar........................passed
Then Cok Satan Urunler sekmesine tiklar.....................................passed
And sayfayi asagi indirir ve tüm urun bilgilerinin geldigini teyit eder.....passed
]]></system-out>
</testcase>
<testcase classname="Tools Tab" name="TC31" time="11.016">
<failure type="org.openqa.selenium.NoSuchElementException" message="no such element: Unable to locate element: {&quot;method&quot;:&quot;xpath&quot;,&quot;selector&quot;:&quot;//nav[@class='flex-1 space-y-1 px-2 py-4']//p[contains(.,'Etsy')]&quot;}
  (Session info: chrome=113.0.5672.93)
For documentation on this error, please visit: https://selenium.dev/exceptions/#no_such_element
Build info: version: '4.8.3', revision: 'e5e76298c3'
System info: os.name: 'Windows 11', os.arch: 'amd64', os.version: '10.0', java.version: '11.0.15'
Driver info: org.openqa.selenium.chrome.ChromeDriver
Command: [ebea5a3abbca127035434a8e5a6df42c, findElement {using=xpath, value=//nav[@class='flex-1 space-y-1 px-2 py-4']//p[contains(.,'Etsy')]}]
Capabilities {acceptInsecureCerts: false, browserName: chrome, browserVersion: 113.0.5672.93, chrome: {chromedriverVersion: 113.0.5672.63 (0e1a4471d5ae..., userDataDir: C:\Users\ERTURU~1\AppData\L...}, goog:chromeOptions: {debuggerAddress: localhost:55407}, networkConnectionEnabled: false, pageLoadStrategy: normal, platformName: WINDOWS, proxy: Proxy(), se:cdp: ws://localhost:55407/devtoo..., se:cdpVersion: 113.0.5672.93, setWindowRect: true, strictFileInteractability: false, timeouts: {implicit: 0, pageLoad: 300000, script: 30000}, unhandledPromptBehavior: dismiss and notify, webauthn:extension:credBlob: true, webauthn:extension:largeBlob: true, webauthn:extension:minPinLength: true, webauthn:extension:prf: true, webauthn:virtualAuthenticators: true}
Session ID: ebea5a3abbca127035434a8e5a6df42c">
<![CDATA[org.openqa.selenium.NoSuchElementException: no such element: Unable to locate element: {"method":"xpath","selector":"//nav[@class='flex-1 space-y-1 px-2 py-4']//p[contains(.,'Etsy')]"}
  (Session info: chrome=113.0.5672.93)
For documentation on this error, please visit: https://selenium.dev/exceptions/#no_such_element
Build info: version: '4.8.3', revision: 'e5e76298c3'
System info: os.name: 'Windows 11', os.arch: 'amd64', os.version: '10.0', java.version: '11.0.15'
Driver info: org.openqa.selenium.chrome.ChromeDriver
Command: [ebea5a3abbca127035434a8e5a6df42c, findElement {using=xpath, value=//nav[@class='flex-1 space-y-1 px-2 py-4']//p[contains(.,'Etsy')]}]
Capabilities {acceptInsecureCerts: false, browserName: chrome, browserVersion: 113.0.5672.93, chrome: {chromedriverVersion: 113.0.5672.63 (0e1a4471d5ae..., userDataDir: C:\Users\ERTURU~1\AppData\L...}, goog:chromeOptions: {debuggerAddress: localhost:55407}, networkConnectionEnabled: false, pageLoadStrategy: normal, platformName: WINDOWS, proxy: Proxy(), se:cdp: ws://localhost:55407/devtoo..., se:cdpVersion: 113.0.5672.93, setWindowRect: true, strictFileInteractability: false, timeouts: {implicit: 0, pageLoad: 300000, script: 30000}, unhandledPromptBehavior: dismiss and notify, webauthn:extension:credBlob: true, webauthn:extension:largeBlob: true, webauthn:extension:minPinLength: true, webauthn:extension:prf: true, webauthn:virtualAuthenticators: true}
Session ID: ebea5a3abbca127035434a8e5a6df42c
	at java.base/jdk.internal.reflect.NativeConstructorAccessorImpl.newInstance0(Native Method)
	at java.base/jdk.internal.reflect.NativeConstructorAccessorImpl.newInstance(NativeConstructorAccessorImpl.java:62)
	at java.base/jdk.internal.reflect.DelegatingConstructorAccessorImpl.newInstance(DelegatingConstructorAccessorImpl.java:45)
	at java.base/java.lang.reflect.Constructor.newInstance(Constructor.java:490)
	at org.openqa.selenium.remote.codec.w3c.W3CHttpResponseCodec.createException(W3CHttpResponseCodec.java:200)
	at org.openqa.selenium.remote.codec.w3c.W3CHttpResponseCodec.decode(W3CHttpResponseCodec.java:133)
	at org.openqa.selenium.remote.codec.w3c.W3CHttpResponseCodec.decode(W3CHttpResponseCodec.java:53)
	at org.openqa.selenium.remote.HttpCommandExecutor.execute(HttpCommandExecutor.java:193)
	at org.openqa.selenium.remote.service.DriverCommandExecutor.invokeExecute(DriverCommandExecutor.java:183)
	at org.openqa.selenium.remote.service.DriverCommandExecutor.execute(DriverCommandExecutor.java:158)
	at org.openqa.selenium.remote.RemoteWebDriver.execute(RemoteWebDriver.java:543)
	at org.openqa.selenium.remote.ElementLocation$ElementFinder$2.findElement(ElementLocation.java:162)
	at org.openqa.selenium.remote.ElementLocation.findElement(ElementLocation.java:60)
	at org.openqa.selenium.remote.RemoteWebDriver.findElement(RemoteWebDriver.java:352)
	at org.openqa.selenium.remote.RemoteWebDriver.findElement(RemoteWebDriver.java:344)
	at org.openqa.selenium.support.pagefactory.DefaultElementLocator.findElement(DefaultElementLocator.java:70)
	at org.openqa.selenium.support.pagefactory.internal.LocatingElementHandler.invoke(LocatingElementHandler.java:39)
	at com.sun.proxy.$Proxy24.click(Unknown Source)
	at stepdefinitions.Tools_Tab_Etsy_StepDefinitions.araclar_sekmesinde_bulunan_etsy_sekmesini_tiklar(Tools_Tab_Etsy_StepDefinitions.java:32)
	at ✽.araclar sekmesinde bulunan Etsy sekmesini tiklar(file:///C:/Users/Ertuğrul/IdeaProjects/Members_Panel/src/test/resources/features/Tools_Tab.feature:234)
]]>
</failure>
<system-out><![CDATA[
Given kullanıcı members.rexven.com sayfasına gider..........................passed
Then gecerli mail adresi girer..............................................passed
And gecerli password girer..................................................passed
And araclar sekmesinde bulunan Etsy sekmesini tiklar........................failed
Then Populer Urunler sekmesine tiklar.......................................skipped
Then acilan sayfada ETSY POPÜLER ÜRÜNLER yazisinin geldigini teyit eder yazdirir.skipped
And sayfayi asagi dogru indirir ve sadece 3 satici bilgisinin geldigini  teyit eder.skipped
And bilgileri görünen saticilari konsola  yazdirir..........................skipped
]]></system-out>
</testcase>
<testcase classname="Tools Tab" name="TC32" time="40.787">
<system-out><![CDATA[
Given kullanıcı members.rexven.com sayfasına gider..........................passed
Then gecerli ücretli üyelik mail adresi girer...............................passed
And gecerli password girer..................................................passed
And araclar sekmesinde bulunan Etsy sekmesini tiklar........................passed
Then Populer Urunler sekmesine tiklar.......................................passed
And sayfayi asagi indirir ve tüm urun bilgilerinin geldigini teyit eder.....passed
]]></system-out>
</testcase>
<testcase classname="Üretici ve Toptancılar" name="TC06" time="40.929">
<system-out><![CDATA[
Given kullanıcı members.rexven.com sayfasına gider..........................passed
Then geçerli mail bir adresi girer..........................................passed
And gecerli password girer..................................................passed
And uretici ve toptancılar sekmesine tıklar.................................passed
Then sayfayı aşagı-yukarı kaydırır tüm saticilari görür.....................passed
And iletişim kur butonuna tıklar............................................passed
And telefon numarası girer ve doğrulama kodu geldiğini teyit eder...........passed
]]></system-out>
</testcase>
<testcase classname="Üretici ve Toptancılar" name="TC07" time="38.651">
<system-out><![CDATA[
Given kullanıcı members.rexven.com sayfasına gider..........................passed
Then gecerli mail adresi girer..............................................passed
And gecerli password girer..................................................passed
And uretici ve toptancılar sekmesine tıklar.................................passed
And urunler butonuna tıklar.................................................passed
Then sayfayı aşagı kaydırır tüm ürünleri görür..............................passed
And iletişim kur butonuna tıklar ve whatsapp'a yönlendirdiğini teyit eder...passed
]]></system-out>
</testcase>
<testcase classname="Üretici ve Toptancılar" name="TC08" time="71.229">
<system-out><![CDATA[
Given kullanıcı members.rexven.com sayfasına gider..........................passed
Then gecerli mail adresi girer..............................................passed
And gecerli password girer..................................................passed
And uretici ve toptancılar sekmesine tıklar.................................passed
And search butonuna eşofman yazar...........................................passed
Then ara sekmesine tıklar...................................................passed
And Mossi isimli firmanın urunleri incele sekmesine tıklar..................passed
And sayfa URL'sinin Mossi isimli firmaya ait olduğunu teyit eder............passed
Then sayfayı aşagı kaydırıp tüm ürünleri görür..............................passed
And ikinci sayfaya gecer tüm ürünleri kontrol eder..........................passed
And ucuncu sayfaya gecer tüm urunleri kontrol eder..........................passed
]]></system-out>
</testcase>
<testcase classname="Üretici ve Toptancılar" name="TC09" time="40.165">
<system-out><![CDATA[
Given kullanıcı members.rexven.com sayfasına gider..........................passed
Then gecerli mail adresi girer..............................................passed
And gecerli password girer..................................................passed
And uretici ve toptancılar sekmesine tıklar.................................passed
Then Uretici veya Toptancı ol sekmesine tıklar..............................passed
And acilan sayfada gerekli bilgileri doldurur...............................passed
And kayıt ol sekmesine tıklar...............................................passed
And Kullanıcı magaza bilgileri gecersiz. Lütfen kontrol ediniz yazısını görür.passed
]]></system-out>
</testcase>
<testcase classname="integration page" name="TC33" time="28.691">
<system-out><![CDATA[
Given kullanıcı members.rexven.com sayfasına gider..........................passed
Then gecerli mail adresi girer..............................................passed
And gecerli password girer..................................................passed
And Entegrasyon sekmesine tiklar............................................passed
Then Entegrasyon ayarlari kısmında bulunan bilgileri girer ve kayit ol der..passed
When sag üst tarafda Kullanici magaza bilgileri gecersiz yazisini görür.....passed
]]></system-out>
</testcase>
<testcase classname="integration page" name="TC34" time="42.072">
<system-out><![CDATA[
Given kullanıcı members.rexven.com sayfasına gider..........................passed
Then gecerli mail adresi girer..............................................passed
And gecerli password girer..................................................passed
And Entegrasyon sekmesine tiklar............................................passed
And sayfayi asagi indirir ve Entegrasyon videosunun sesini acar.............passed
And Videonun calistigini dogrular...........................................passed
]]></system-out>
</testcase>
</testsuite>
